2013/11/29 15:26:05 [error] [php] Undefined variable: islogin (D:\xampp\htdocs\wxm\protected\views\layouts\sitelayout.php:29)
Stack trace:
#0 D:\xampp\htdocs\wxm\framework\web\CController.php(784): SiteController->renderFile()
#1 D:\xampp\htdocs\wxm\protected\controllers\SiteController.php(10): SiteController->render()
#2 D:\xampp\htdocs\wxm\framework\web\actions\CInlineAction.php(49): SiteController->actionIndex()
#3 D:\xampp\htdocs\wxm\framework\web\CController.php(308): CInlineAction->runWithParams()
#4 D:\xampp\htdocs\wxm\framework\web\CController.php(286): SiteController->runAction()
#5 D:\xampp\htdocs\wxm\framework\web\CController.php(265): SiteController->runActionWithFilters()
#6 D:\xampp\htdocs\wxm\framework\web\CWebApplication.php(282): SiteController->run()
#7 D:\xampp\htdocs\wxm\framework\web\CWebApplication.php(141): CWebApplication->runController()
#8 D:\xampp\htdocs\wxm\framework\base\CApplication.php(180): CWebApplication->processRequest()
#9 D:\xampp\htdocs\wxm\index.php(13): CWebApplication->run()
REQUEST_URI=/wxm/index.php
in D:\xampp\htdocs\wxm\protected\views\layouts\sitelayout.php (29)
in D:\xampp\htdocs\wxm\protected\controllers\SiteController.php (10)
in D:\xampp\htdocs\wxm\index.php (13)
2013/11/29 15:26:54 [error] [php] Undefined variable: islogin (D:\xampp\htdocs\wxm\protected\views\layouts\sitelayout.php:29)
Stack trace:
#0 D:\xampp\htdocs\wxm\framework\web\CController.php(784): SiteController->renderFile()
#1 D:\xampp\htdocs\wxm\protected\controllers\SiteController.php(10): SiteController->render()
#2 D:\xampp\htdocs\wxm\framework\web\actions\CInlineAction.php(49): SiteController->actionIndex()
#3 D:\xampp\htdocs\wxm\framework\web\CController.php(308): CInlineAction->runWithParams()
#4 D:\xampp\htdocs\wxm\framework\web\CController.php(286): SiteController->runAction()
#5 D:\xampp\htdocs\wxm\framework\web\CController.php(265): SiteController->runActionWithFilters()
#6 D:\xampp\htdocs\wxm\framework\web\CWebApplication.php(282): SiteController->run()
#7 D:\xampp\htdocs\wxm\framework\web\CWebApplication.php(141): CWebApplication->runController()
#8 D:\xampp\htdocs\wxm\framework\base\CApplication.php(180): CWebApplication->processRequest()
#9 D:\xampp\htdocs\wxm\index.php(13): CWebApplication->run()
REQUEST_URI=/wxm/index.php
in D:\xampp\htdocs\wxm\protected\views\layouts\sitelayout.php (29)
in D:\xampp\htdocs\wxm\protected\controllers\SiteController.php (10)
in D:\xampp\htdocs\wxm\index.php (13)
2013/11/29 15:27:19 [error] [php] Undefined variable: islogin (D:\xampp\htdocs\wxm\protected\views\layouts\sitelayout.php:29)
Stack trace:
#0 D:\xampp\htdocs\wxm\framework\web\CController.php(784): SiteController->renderFile()
#1 D:\xampp\htdocs\wxm\protected\controllers\SiteController.php(10): SiteController->render()
#2 D:\xampp\htdocs\wxm\framework\web\actions\CInlineAction.php(49): SiteController->actionIndex()
#3 D:\xampp\htdocs\wxm\framework\web\CController.php(308): CInlineAction->runWithParams()
#4 D:\xampp\htdocs\wxm\framework\web\CController.php(286): SiteController->runAction()
#5 D:\xampp\htdocs\wxm\framework\web\CController.php(265): SiteController->runActionWithFilters()
#6 D:\xampp\htdocs\wxm\framework\web\CWebApplication.php(282): SiteController->run()
#7 D:\xampp\htdocs\wxm\framework\web\CWebApplication.php(141): CWebApplication->runController()
#8 D:\xampp\htdocs\wxm\framework\base\CApplication.php(180): CWebApplication->processRequest()
#9 D:\xampp\htdocs\wxm\index.php(13): CWebApplication->run()
REQUEST_URI=/wxm/index.php
in D:\xampp\htdocs\wxm\protected\views\layouts\sitelayout.php (29)
in D:\xampp\htdocs\wxm\protected\controllers\SiteController.php (10)
in D:\xampp\htdocs\wxm\index.php (13)
2013/11/29 15:27:20 [error] [php] Undefined variable: islogin (D:\xampp\htdocs\wxm\protected\views\layouts\sitelayout.php:29)
Stack trace:
#0 D:\xampp\htdocs\wxm\framework\web\CController.php(784): SiteController->renderFile()
#1 D:\xampp\htdocs\wxm\protected\controllers\SiteController.php(10): SiteController->render()
#2 D:\xampp\htdocs\wxm\framework\web\actions\CInlineAction.php(49): SiteController->actionIndex()
#3 D:\xampp\htdocs\wxm\framework\web\CController.php(308): CInlineAction->runWithParams()
#4 D:\xampp\htdocs\wxm\framework\web\CController.php(286): SiteController->runAction()
#5 D:\xampp\htdocs\wxm\framework\web\CController.php(265): SiteController->runActionWithFilters()
#6 D:\xampp\htdocs\wxm\framework\web\CWebApplication.php(282): SiteController->run()
#7 D:\xampp\htdocs\wxm\framework\web\CWebApplication.php(141): CWebApplication->runController()
#8 D:\xampp\htdocs\wxm\framework\base\CApplication.php(180): CWebApplication->processRequest()
#9 D:\xampp\htdocs\wxm\index.php(13): CWebApplication->run()
REQUEST_URI=/wxm/index.php
in D:\xampp\htdocs\wxm\protected\views\layouts\sitelayout.php (29)
in D:\xampp\htdocs\wxm\protected\controllers\SiteController.php (10)
in D:\xampp\htdocs\wxm\index.php (13)
2013/11/29 15:27:41 [error] [php] Undefined variable: username (D:\xampp\htdocs\wxm\protected\views\layouts\sitelayout.php:31)
Stack trace:
#0 D:\xampp\htdocs\wxm\framework\web\CController.php(784): SiteController->renderFile()
#1 D:\xampp\htdocs\wxm\protected\controllers\SiteController.php(10): SiteController->render()
#2 D:\xampp\htdocs\wxm\framework\web\actions\CInlineAction.php(49): SiteController->actionIndex()
#3 D:\xampp\htdocs\wxm\framework\web\CController.php(308): CInlineAction->runWithParams()
#4 D:\xampp\htdocs\wxm\framework\web\CController.php(286): SiteController->runAction()
#5 D:\xampp\htdocs\wxm\framework\web\CController.php(265): SiteController->runActionWithFilters()
#6 D:\xampp\htdocs\wxm\framework\web\CWebApplication.php(282): SiteController->run()
#7 D:\xampp\htdocs\wxm\framework\web\CWebApplication.php(141): CWebApplication->runController()
#8 D:\xampp\htdocs\wxm\framework\base\CApplication.php(180): CWebApplication->processRequest()
#9 D:\xampp\htdocs\wxm\index.php(13): CWebApplication->run()
REQUEST_URI=/wxm/index.php
in D:\xampp\htdocs\wxm\protected\views\layouts\sitelayout.php (31)
in D:\xampp\htdocs\wxm\protected\controllers\SiteController.php (10)
in D:\xampp\htdocs\wxm\index.php (13)
